<?xml version='1.0' encoding='UTF-8' ?>
<testsuite name="com.kaspersky.kaspresso.tutorial.LoginActivityGeneratedDataTest" tests="1" failures="0" errors="0" skipped="0" time="2.605" timestamp="2025-06-16T19:24:55" hostname="localhost">
  <properties>
    <property name="device" value="Pixel_6(AVD) - 14" />
    <property name="flavor" value="" />
    <property name="project" value=":tutorial" />
  </properties>
  <testcase name="loginSuccessfulIfUsernameAndPasswordCorrect" classname="com.kaspersky.kaspresso.tutorial.LoginActivityGeneratedDataTest" time="1.41" />
</testsuite>