<?xml version='1.0' encoding='UTF-8' ?>
<testsuite name="com.kaspersky.kaspresso.tutorial.AfterLoginActivityTest" tests="1" failures="0" errors="0" skipped="0" time="1.262" timestamp="2025-06-10T07:50:52" hostname="localhost">
  <properties>
    <property name="device" value="Pixel_7(AVD) - 14" />
    <property name="flavor" value="" />
    <property name="project" value=":tutorial" />
  </properties>
  <testcase name="test" classname="com.kaspersky.kaspresso.tutorial.AfterLoginActivityTest" time="0.593" />
</testsuite>