<?xml version='1.0' encoding='UTF-8' ?>
<testsuite name="com.kaspersky.kaspresso.tutorial.AdbTest" tests="1" failures="0" errors="0" skipped="0" time="1.62" timestamp="2025-06-16T20:45:18" hostname="localhost">
  <properties>
    <property name="device" value="Pixel_6(AVD) - 14" />
    <property name="flavor" value="" />
    <property name="project" value=":tutorial" />
  </properties>
  <testcase name="test" classname="com.kaspersky.kaspresso.tutorial.AdbTest" time="0.918" />
</testsuite>